# JRE version: OpenJDK Runtime Environment (8.0_152-b01) (build 1.8.0_152-release-915-b01)
# Java VM: OpenJDK 64-Bit Server VM (25.152-b01 mixed mode windows-amd64 compressed oops)
Heap:
 PSYoungGen      total 407040K, used 61737K [0x00000000e0000000, 0x0000000100000000, 0x0000000100000000)
  eden space 306688K, 0% used [0x00000000e0000000,0x00000000e0000000,0x00000000f2b80000)
  from space 100352K, 61% used [0x00000000f2b80000,0x00000000f67ca450,0x00000000f8d80000)
  to   space 101888K, 0% used [0x00000000f9c80000,0x00000000f9c80000,0x0000000100000000)
 ParOldGen       total 462848K, used 413087K [0x00000000a0000000, 0x00000000bc400000, 0x00000000e0000000)
  object space 462848K, 89% used [0x00000000a0000000,0x00000000b9367d20,0x00000000bc400000)
 Metaspace       used 123280K, capacity 136810K, committed 137088K, reserved 1167360K
  class space    used 15338K, capacity 19199K, committed 19328K, reserved 1048576K
GC Heap History (10 events):
Event: 17646.450 GC heap after
Heap after GC invocations=160 (full 13):
 PSYoungGen      total 393216K, used 0K [0x00000000e0000000, 0x0000000100000000, 0x0000000100000000)
  eden space 277504K, 0% used [0x00000000e0000000,0x00000000e0000000,0x00000000f0f00000)
  from space 115712K, 0% used [0x00000000f0f00000,0x00000000f0f00000,0x00000000f8000000)
  to   space 115200K, 0% used [0x00000000f8f80000,0x00000000f8f80000,0x0000000100000000)
 ParOldGen       total 462848K, used 328350K [0x00000000a0000000, 0x00000000bc400000, 0x00000000e0000000)
  object space 462848K, 70% used [0x00000000a0000000,0x00000000b40a7830,0x00000000bc400000)
 Metaspace       used 110520K, capacity 123528K, committed 124800K, reserved 1155072K
  class space    used 13829K, capacity 17574K, committed 18304K, reserved 1048576K
}
Event: 18431.761 GC heap before
{Heap before GC invocations=161 (full 13):
 PSYoungGen      total 393216K, used 277487K [0x00000000e0000000, 0x0000000100000000, 0x0000000100000000)
  eden space 277504K, 99% used [0x00000000e0000000,0x00000000f0efbcd8,0x00000000f0f00000)
  from space 115712K, 0% used [0x00000000f0f00000,0x00000000f0f00000,0x00000000f8000000)
  to   space 115200K, 0% used [0x00000000f8f80000,0x00000000f8f80000,0x0000000100000000)
 ParOldGen       total 462848K, used 328350K [0x00000000a0000000, 0x00000000bc400000, 0x00000000e0000000)
  object space 462848K, 70% used [0x00000000a0000000,0x00000000b40a7830,0x00000000bc400000)
 Metaspace       used 110560K, capacity 123648K, committed 124800K, reserved 1155072K
  class space    used 13840K, capacity 17614K, committed 18304K, reserved 1048576K
Event: 18431.785 GC heap after
Heap after GC invocations=161 (full 13):
 PSYoungGen      total 400896K, used 23996K [0x00000000e0000000, 0x00000000ff880000, 0x0000000100000000)
  eden space 293376K, 0% used [0x00000000e0000000,0x00000000e0000000,0x00000000f1e80000)
  from space 107520K, 22% used [0x00000000f8f80000,0x00000000fa6ef0c0,0x00000000ff880000)
  to   space 111616K, 0% used [0x00000000f1e80000,0x00000000f1e80000,0x00000000f8b80000)
 ParOldGen       total 462848K, used 328350K [0x00000000a0000000, 0x00000000bc400000, 0x00000000e0000000)
  object space 462848K, 70% used [0x00000000a0000000,0x00000000b40a7830,0x00000000bc400000)
 Metaspace       used 110560K, capacity 123648K, committed 124800K, reserved 1155072K
  class space    used 13840K, capacity 17614K, committed 18304K, reserved 1048576K
}
Event: 18434.443 GC heap before
{Heap before GC invocations=162 (full 13):
 PSYoungGen      total 400896K, used 317372K [0x00000000e0000000, 0x00000000ff880000, 0x0000000100000000)
  eden space 293376K, 100% used [0x00000000e0000000,0x00000000f1e80000,0x00000000f1e80000)
  from space 107520K, 22% used [0x00000000f8f80000,0x00000000fa6ef0c0,0x00000000ff880000)
  to   space 111616K, 0% used [0x00000000f1e80000,0x00000000f1e80000,0x00000000f8b80000)
 ParOldGen       total 462848K, used 328350K [0x00000000a0000000, 0x00000000bc400000, 0x00000000e0000000)
  object space 462848K, 70% used [0x00000000a0000000,0x00000000b40a7830,0x00000000bc400000)
 Metaspace       used 119711K, capacity 133010K, committed 133504K, reserved 1163264K
  class space    used 14990K, capacity 18823K, committed 19072K, reserved 1048576K
Event: 18434.503 GC heap after
Heap after GC invocations=162 (full 13):
 PSYoungGen      total 404992K, used 35796K [0x00000000e0000000, 0x00000000ff900000, 0x0000000100000000)
  eden space 293376K, 0% used [0x00000000e0000000,0x00000000e0000000,0x00000000f1e80000)
  from space 111616K, 32% used [0x00000000f1e80000,0x00000000f41753a0,0x00000000f8b80000)
  to   space 105984K, 0% used [0x00000000f9180000,0x00000000f9180000,0x00000000ff900000)
 ParOldGen       total 462848K, used 349652K [0x00000000a0000000, 0x00000000bc400000, 0x00000000e0000000)
  object space 462848K, 75% used [0x00000000a0000000,0x00000000b55750d8,0x00000000bc400000)
 Metaspace       used 119711K, capacity 133010K, committed 133504K, reserved 1163264K
  class space    used 14990K, capacity 18823K, committed 19072K, reserved 1048576K
}
Event: 18437.218 GC heap before
{Heap before GC invocations=163 (full 13):
 PSYoungGen      total 404992K, used 329172K [0x00000000e0000000, 0x00000000ff900000, 0x0000000100000000)
  eden space 293376K, 100% used [0x00000000e0000000,0x00000000f1e80000,0x00000000f1e80000)
  from space 111616K, 32% used [0x00000000f1e80000,0x00000000f41753a0,0x00000000f8b80000)
  to   space 105984K, 0% used [0x00000000f9180000,0x00000000f9180000,0x00000000ff900000)
 ParOldGen       total 462848K, used 349652K [0x00000000a0000000, 0x00000000bc400000, 0x00000000e0000000)
  object space 462848K, 75% used [0x00000000a0000000,0x00000000b55750d8,0x00000000bc400000)
 Metaspace       used 123125K, capacity 136658K, committed 136832K, reserved 1167360K
  class space    used 15329K, capacity 19195K, committed 19328K, reserved 1048576K
Event: 18437.291 GC heap after
Heap after GC invocations=163 (full 13):
 PSYoungGen      total 402944K, used 43410K [0x00000000e0000000, 0x00000000fef80000, 0x0000000100000000)
  eden space 306688K, 0% used [0x00000000e0000000,0x00000000e0000000,0x00000000f2b80000)
  from space 96256K, 45% used [0x00000000f9180000,0x00000000fbbe4b00,0x00000000fef80000)
  to   space 100352K, 0% used [0x00000000f2b80000,0x00000000f2b80000,0x00000000f8d80000)
 ParOldGen       total 462848K, used 376996K [0x00000000a0000000, 0x00000000bc400000, 0x00000000e0000000)
  object space 462848K, 81% used [0x00000000a0000000,0x00000000b70293c0,0x00000000bc400000)
 Metaspace       used 123125K, capacity 136658K, committed 136832K, reserved 1167360K
  class space    used 15329K, capacity 19195K, committed 19328K, reserved 1048576K
}
Event: 18442.732 GC heap before
{Heap before GC invocations=164 (full 13):
 PSYoungGen      total 402944K, used 350098K [0x00000000e0000000, 0x00000000fef80000, 0x0000000100000000)
  eden space 306688K, 100% used [0x00000000e0000000,0x00000000f2b80000,0x00000000f2b80000)
  from space 96256K, 45% used [0x00000000f9180000,0x00000000fbbe4b00,0x00000000fef80000)
  to   space 100352K, 0% used [0x00000000f2b80000,0x00000000f2b80000,0x00000000f8d80000)
 ParOldGen       total 462848K, used 376996K [0x00000000a0000000, 0x00000000bc400000, 0x00000000e0000000)
  object space 462848K, 81% used [0x00000000a0000000,0x00000000b70293c0,0x00000000bc400000)
 Metaspace       used 123280K, capacity 136810K, committed 137088K, reserved 1167360K
  class space    used 15338K, capacity 19199K, committed 19328K, reserved 1048576K
Event: 18442.830 GC heap after
Heap after GC invocations=164 (full 13):
 PSYoungGen      total 407040K, used 61737K [0x00000000e0000000, 0x0000000100000000, 0x0000000100000000)
  eden space 306688K, 0% used [0x00000000e0000000,0x00000000e0000000,0x00000000f2b80000)
  from space 100352K, 61% used [0x00000000f2b80000,0x00000000f67ca450,0x00000000f8d80000)
  to   space 101888K, 0% used [0x00000000f9c80000,0x00000000f9c80000,0x0000000100000000)
 ParOldGen       total 462848K, used 413087K [0x00000000a0000000, 0x00000000bc400000, 0x00000000e0000000)
  object space 462848K, 89% used [0x00000000a0000000,0x00000000b9367d20,0x00000000bc400000)
 Metaspace       used 123280K, capacity 136810K, committed 137088K, reserved 1167360K
  class space    used 15338K, capacity 19199K, committed 19328K, reserved 1048576K
}
Event: 18442.830 GC heap before
{Heap before GC invocations=165 (full 14):
 PSYoungGen      total 407040K, used 61737K [0x00000000e0000000, 0x0000000100000000, 0x0000000100000000)
  eden space 306688K, 0% used [0x00000000e0000000,0x00000000e0000000,0x00000000f2b80000)
  from space 100352K, 61% used [0x00000000f2b80000,0x00000000f67ca450,0x00000000f8d80000)
  to   space 101888K, 0% used [0x00000000f9c80000,0x00000000f9c80000,0x0000000100000000)
 ParOldGen       total 462848K, used 413087K [0x00000000a0000000, 0x00000000bc400000, 0x00000000e0000000)
  object space 462848K, 89% used [0x00000000a0000000,0x00000000b9367d20,0x00000000bc400000)
 Metaspace       used 123280K, capacity 136810K, committed 137088K, reserved 1167360K
  class space    used 15338K, capacity 19199K, committed 19328K, reserved 1048576K

