# JRE version: OpenJDK Runtime Environment (8.0_152-b01) (build 1.8.0_152-release-915-b01)
# Java VM: OpenJDK 64-Bit Server VM (25.152-b01 mixed mode windows-amd64 compressed oops)
Heap:
 PSYoungGen      total 39936K, used 10548K [0x00000000e0000000, 0x00000000e3380000, 0x0000000100000000)
  eden space 28160K, 29% used [0x00000000e0000000,0x00000000e0803328,0x00000000e1b80000)
  from space 11776K, 19% used [0x00000000e1c00000,0x00000000e1e4a070,0x00000000e2780000)
  to   space 12288K, 0% used [0x00000000e2780000,0x00000000e2780000,0x00000000e3380000)
 ParOldGen       total 51712K, used 14784K [0x00000000a0000000, 0x00000000a3280000, 0x00000000e0000000)
  object space 51712K, 28% used [0x00000000a0000000,0x00000000a0e701c0,0x00000000a3280000)
 Metaspace       used 40137K, capacity 41040K, committed 41344K, reserved 1085440K
  class space    used 5393K, capacity 5751K, committed 5760K, reserved 1048576K
GC Heap History (10 events):
Event: 40.952 GC heap before
{Heap before GC invocations=11 (full 1):
 PSYoungGen      total 37888K, used 37744K [0x00000000e0000000, 0x00000000e3300000, 0x0000000100000000)
  eden space 30720K, 100% used [0x00000000e0000000,0x00000000e1e00000,0x00000000e1e00000)
  from space 7168K, 97% used [0x00000000e1e80000,0x00000000e255c020,0x00000000e2580000)
  to   space 10752K, 0% used [0x00000000e2880000,0x00000000e2880000,0x00000000e3300000)
 ParOldGen       total 48128K, used 9146K [0x00000000a0000000, 0x00000000a2f00000, 0x00000000e0000000)
  object space 48128K, 19% used [0x00000000a0000000,0x00000000a08ee860,0x00000000a2f00000)
 Metaspace       used 33661K, capacity 34472K, committed 34688K, reserved 1079296K
  class space    used 4591K, capacity 4926K, committed 4992K, reserved 1048576K
Event: 40.961 GC heap after
Heap after GC invocations=11 (full 1):
 PSYoungGen      total 40448K, used 10024K [0x00000000e0000000, 0x00000000e3480000, 0x0000000100000000)
  eden space 29696K, 0% used [0x00000000e0000000,0x00000000e0000000,0x00000000e1d00000)
  from space 10752K, 93% used [0x00000000e2880000,0x00000000e324a2b0,0x00000000e3300000)
  to   space 11776K, 0% used [0x00000000e1d00000,0x00000000e1d00000,0x00000000e2880000)
 ParOldGen       total 48128K, used 9218K [0x00000000a0000000, 0x00000000a2f00000, 0x00000000e0000000)
  object space 48128K, 19% used [0x00000000a0000000,0x00000000a0900870,0x00000000a2f00000)
 Metaspace       used 33661K, capacity 34472K, committed 34688K, reserved 1079296K
  class space    used 4591K, capacity 4926K, committed 4992K, reserved 1048576K
}
Event: 42.163 GC heap before
{Heap before GC invocations=12 (full 1):
 PSYoungGen      total 40448K, used 11173K [0x00000000e0000000, 0x00000000e3480000, 0x0000000100000000)
  eden space 29696K, 3% used [0x00000000e0000000,0x00000000e011f260,0x00000000e1d00000)
  from space 10752K, 93% used [0x00000000e2880000,0x00000000e324a2b0,0x00000000e3300000)
  to   space 11776K, 0% used [0x00000000e1d00000,0x00000000e1d00000,0x00000000e2880000)
 ParOldGen       total 48128K, used 9218K [0x00000000a0000000, 0x00000000a2f00000, 0x00000000e0000000)
  object space 48128K, 19% used [0x00000000a0000000,0x00000000a0900870,0x00000000a2f00000)
 Metaspace       used 34510K, capacity 35304K, committed 35416K, reserved 1079296K
  class space    used 4711K, capacity 5034K, committed 5120K, reserved 1048576K
Event: 42.171 GC heap after
Heap after GC invocations=12 (full 1):
 PSYoungGen      total 37888K, used 8288K [0x00000000e0000000, 0x00000000e3380000, 0x0000000100000000)
  eden space 29184K, 0% used [0x00000000e0000000,0x00000000e0000000,0x00000000e1c80000)
  from space 8704K, 95% used [0x00000000e1d00000,0x00000000e2518020,0x00000000e2580000)
  to   space 11776K, 0% used [0x00000000e2800000,0x00000000e2800000,0x00000000e3380000)
 ParOldGen       total 48128K, used 9290K [0x00000000a0000000, 0x00000000a2f00000, 0x00000000e0000000)
  object space 48128K, 19% used [0x00000000a0000000,0x00000000a0912880,0x00000000a2f00000)
 Metaspace       used 34510K, capacity 35304K, committed 35416K, reserved 1079296K
  class space    used 4711K, capacity 5034K, committed 5120K, reserved 1048576K
}
Event: 42.171 GC heap before
{Heap before GC invocations=13 (full 2):
 PSYoungGen      total 37888K, used 8288K [0x00000000e0000000, 0x00000000e3380000, 0x0000000100000000)
  eden space 29184K, 0% used [0x00000000e0000000,0x00000000e0000000,0x00000000e1c80000)
  from space 8704K, 95% used [0x00000000e1d00000,0x00000000e2518020,0x00000000e2580000)
  to   space 11776K, 0% used [0x00000000e2800000,0x00000000e2800000,0x00000000e3380000)
 ParOldGen       total 48128K, used 9290K [0x00000000a0000000, 0x00000000a2f00000, 0x00000000e0000000)
  object space 48128K, 19% used [0x00000000a0000000,0x00000000a0912880,0x00000000a2f00000)
 Metaspace       used 34510K, capacity 35304K, committed 35416K, reserved 1079296K
  class space    used 4711K, capacity 5034K, committed 5120K, reserved 1048576K
Event: 42.265 GC heap after
Heap after GC invocations=13 (full 2):
 PSYoungGen      total 37888K, used 0K [0x00000000e0000000, 0x00000000e3380000, 0x0000000100000000)
  eden space 29184K, 0% used [0x00000000e0000000,0x00000000e0000000,0x00000000e1c80000)
  from space 8704K, 0% used [0x00000000e1d00000,0x00000000e1d00000,0x00000000e2580000)
  to   space 11776K, 0% used [0x00000000e2800000,0x00000000e2800000,0x00000000e3380000)
 ParOldGen       total 51712K, used 14768K [0x00000000a0000000, 0x00000000a3280000, 0x00000000e0000000)
  object space 51712K, 28% used [0x00000000a0000000,0x00000000a0e6c1c0,0x00000000a3280000)
 Metaspace       used 34510K, capacity 35304K, committed 35416K, reserved 1079296K
  class space    used 4711K, capacity 5034K, committed 5120K, reserved 1048576K
}
Event: 45.761 GC heap before
{Heap before GC invocations=14 (full 2):
 PSYoungGen      total 37888K, used 29184K [0x00000000e0000000, 0x00000000e3380000, 0x0000000100000000)
  eden space 29184K, 100% used [0x00000000e0000000,0x00000000e1c80000,0x00000000e1c80000)
  from space 8704K, 0% used [0x00000000e1d00000,0x00000000e1d00000,0x00000000e2580000)
  to   space 11776K, 0% used [0x00000000e2800000,0x00000000e2800000,0x00000000e3380000)
 ParOldGen       total 51712K, used 14768K [0x00000000a0000000, 0x00000000a3280000, 0x00000000e0000000)
  object space 51712K, 28% used [0x00000000a0000000,0x00000000a0e6c1c0,0x00000000a3280000)
 Metaspace       used 38208K, capacity 39158K, committed 39424K, reserved 1083392K
  class space    used 5177K, capacity 5554K, committed 5632K, reserved 1048576K
Event: 45.766 GC heap after
Heap after GC invocations=14 (full 2):
 PSYoungGen      total 39936K, used 3431K [0x00000000e0000000, 0x00000000e3300000, 0x0000000100000000)
  eden space 28672K, 0% used [0x00000000e0000000,0x00000000e0000000,0x00000000e1c00000)
  from space 11264K, 30% used [0x00000000e2800000,0x00000000e2b59f30,0x00000000e3300000)
  to   space 11776K, 0% used [0x00000000e1c00000,0x00000000e1c00000,0x00000000e2780000)
 ParOldGen       total 51712K, used 14776K [0x00000000a0000000, 0x00000000a3280000, 0x00000000e0000000)
  object space 51712K, 28% used [0x00000000a0000000,0x00000000a0e6e1c0,0x00000000a3280000)
 Metaspace       used 38208K, capacity 39158K, committed 39424K, reserved 1083392K
  class space    used 5177K, capacity 5554K, committed 5632K, reserved 1048576K
}
Event: 46.072 GC heap before
{Heap before GC invocations=15 (full 2):
 PSYoungGen      total 39936K, used 32103K [0x00000000e0000000, 0x00000000e3300000, 0x0000000100000000)
  eden space 28672K, 100% used [0x00000000e0000000,0x00000000e1c00000,0x00000000e1c00000)
  from space 11264K, 30% used [0x00000000e2800000,0x00000000e2b59f30,0x00000000e3300000)
  to   space 11776K, 0% used [0x00000000e1c00000,0x00000000e1c00000,0x00000000e2780000)
 ParOldGen       total 51712K, used 14776K [0x00000000a0000000, 0x00000000a3280000, 0x00000000e0000000)
  object space 51712K, 28% used [0x00000000a0000000,0x00000000a0e6e1c0,0x00000000a3280000)
 Metaspace       used 38567K, capacity 39484K, committed 39680K, reserved 1083392K
  class space    used 5204K, capacity 5555K, committed 5632K, reserved 1048576K
Event: 46.076 GC heap after
Heap after GC invocations=15 (full 2):
 PSYoungGen      total 39936K, used 2344K [0x00000000e0000000, 0x00000000e3380000, 0x0000000100000000)
  eden space 28160K, 0% used [0x00000000e0000000,0x00000000e0000000,0x00000000e1b80000)
  from space 11776K, 19% used [0x00000000e1c00000,0x00000000e1e4a070,0x00000000e2780000)
  to   space 12288K, 0% used [0x00000000e2780000,0x00000000e2780000,0x00000000e3380000)
 ParOldGen       total 51712K, used 14784K [0x00000000a0000000, 0x00000000a3280000, 0x00000000e0000000)
  object space 51712K, 28% used [0x00000000a0000000,0x00000000a0e701c0,0x00000000a3280000)
 Metaspace       used 38567K, capacity 39484K, committed 39680K, reserved 1083392K
  class space    used 5204K, capacity 5555K, committed 5632K, reserved 1048576K
}

